<?xml version="1.0" encoding="UTF-8"?>
<testsuite xmlns:xsi="http://www.w3.org/2001/XMLSchema-instance" xsi:noNamespaceSchemaLocation="https://maven.apache.org/surefire/maven-surefire-plugin/xsd/surefire-test-report.xsd" name="TestSuite" time="44.678" tests="2" errors="0" skipped="0" failures="1">
  <properties>
    <property name="sun.desktop" value="windows"/>
    <property name="awt.toolkit" value="sun.awt.windows.WToolkit"/>
    <property name="java.specification.version" value="11"/>
    <property name="sun.cpu.isalist" value="amd64"/>
    <property name="sun.jnu.encoding" value="Cp1252"/>
    <property name="java.class.path" value="S:\finalAllProjects\SelleniumScripts\target\test-classes;S:\finalAllProjects\SelleniumScripts\target\classes;C:\Users\91866\.m2\repository\net\sourceforge\javacsv\javacsv\2.0\javacsv-2.0.jar;C:\Users\91866\.m2\repository\xml-apis\xml-apis\1.4.01\xml-apis-1.4.01.jar;C:\Users\91866\.m2\repository\org\apache\poi\poi-ooxml\3.8-beta4\poi-ooxml-3.8-beta4.jar;C:\Users\91866\.m2\repository\org\apache\poi\poi\3.8-beta4\poi-3.8-beta4.jar;C:\Users\91866\.m2\repository\org\apache\poi\poi-ooxml-schemas\3.8-beta4\poi-ooxml-schemas-3.8-beta4.jar;C:\Users\91866\.m2\repository\org\apache\xmlbeans\xmlbeans\2.3.0\xmlbeans-2.3.0.jar;C:\Users\91866\.m2\repository\stax\stax-api\1.0.1\stax-api-1.0.1.jar;C:\Users\91866\.m2\repository\dom4j\dom4j\1.6.1\dom4j-1.6.1.jar;C:\Users\91866\.m2\repository\javax\xml\crypto\jsr105-api\1.0.1\jsr105-api-1.0.1.jar;C:\Users\91866\.m2\repository\org\apache\httpcomponents\httpclient\4.5.1\httpclient-4.5.1.jar;C:\Users\91866\.m2\repository\org\apache\httpcomponents\httpcore\4.4.3\httpcore-4.4.3.jar;C:\Users\91866\.m2\repository\commons-logging\commons-logging\1.2\commons-logging-1.2.jar;C:\Users\91866\.m2\repository\commons-codec\commons-codec\1.9\commons-codec-1.9.jar;C:\Users\91866\.m2\repository\com\aventstack\extentreports\3.0.5\extentreports-3.0.5.jar;C:\Users\91866\.m2\repository\org\freemarker\freemarker\2.3.23\freemarker-2.3.23.jar;C:\Users\91866\.m2\repository\org\mongodb\mongodb-driver\3.3.0\mongodb-driver-3.3.0.jar;C:\Users\91866\.m2\repository\org\mongodb\bson\3.3.0\bson-3.3.0.jar;C:\Users\91866\.m2\repository\org\mongodb\mongodb-driver-core\3.3.0\mongodb-driver-core-3.3.0.jar;C:\Users\91866\.m2\repository\org\apache\httpcomponents\httpmime\4.5.2\httpmime-4.5.2.jar;C:\Users\91866\.m2\repository\org\jsoup\jsoup\1.9.2\jsoup-1.9.2.jar;C:\Users\91866\.m2\repository\io\github\bonigarcia\webdrivermanager\1.6.2\webdrivermanager-1.6.2.jar;C:\Users\91866\.m2\repository\commons-io\commons-io\2.5\commons-io-2.5.jar;C:\Users\91866\.m2\repository\com\google\code\gson\gson\2.8.0\gson-2.8.0.jar;C:\Users\91866\.m2\repository\com\typesafe\config\1.2.1\config-1.2.1.jar;C:\Users\91866\.m2\repository\org\apache\commons\commons-lang3\3.5\commons-lang3-3.5.jar;C:\Users\91866\.m2\repository\org\rauschig\jarchivelib\0.7.1\jarchivelib-0.7.1.jar;C:\Users\91866\.m2\repository\com\google\guava\guava\21.0\guava-21.0.jar;C:\Users\91866\.m2\repository\org\hamcrest\hamcrest-all\1.3\hamcrest-all-1.3.jar;C:\Users\91866\.m2\repository\org\seleniumhq\selenium\selenium-chrome-driver\3.4.0\selenium-chrome-driver-3.4.0.jar;C:\Users\91866\.m2\repository\org\seleniumhq\selenium\selenium-api\3.4.0\selenium-api-3.4.0.jar;C:\Users\91866\.m2\repository\org\seleniumhq\selenium\selenium-remote-driver\3.4.0\selenium-remote-driver-3.4.0.jar;C:\Users\91866\.m2\repository\cglib\cglib-nodep\3.2.4\cglib-nodep-3.2.4.jar;C:\Users\91866\.m2\repository\org\apache\commons\commons-exec\1.3\commons-exec-1.3.jar;C:\Users\91866\.m2\repository\net\java\dev\jna\jna\4.1.0\jna-4.1.0.jar;C:\Users\91866\.m2\repository\net\java\dev\jna\jna-platform\4.1.0\jna-platform-4.1.0.jar;C:\Users\91866\.m2\repository\org\seleniumhq\selenium\selenium-server\3.4.0\selenium-server-3.4.0.jar;C:\Users\91866\.m2\repository\org\seleniumhq\selenium\selenium-edge-driver\3.4.0\selenium-edge-driver-3.4.0.jar;C:\Users\91866\.m2\repository\org\seleniumhq\selenium\selenium-firefox-driver\3.4.0\selenium-firefox-driver-3.4.0.jar;C:\Users\91866\.m2\repository\org\seleniumhq\selenium\selenium-ie-driver\3.4.0\selenium-ie-driver-3.4.0.jar;C:\Users\91866\.m2\repository\org\seleniumhq\selenium\selenium-opera-driver\3.4.0\selenium-opera-driver-3.4.0.jar;C:\Users\91866\.m2\repository\org\seleniumhq\selenium\selenium-safari-driver\3.4.0\selenium-safari-driver-3.4.0.jar;C:\Users\91866\.m2\repository\org\seleniumhq\selenium\selenium-support\3.4.0\selenium-support-3.4.0.jar;C:\Users\91866\.m2\repository\com\beust\jcommander\1.48\jcommander-1.48.jar;C:\Users\91866\.m2\repository\org\w3c\css\sac\1.3\sac-1.3.jar;C:\Users\91866\.m2\repository\net\sourceforge\cssparser\cssparser\0.9.22\cssparser-0.9.22.jar;C:\Users\91866\.m2\repository\org\hamcrest\hamcrest-core\1.3\hamcrest-core-1.3.jar;C:\Users\91866\.m2\repository\net\sourceforge\htmlunit\htmlunit\2.26\htmlunit-2.26.jar;C:\Users\91866\.m2\repository\net\sourceforge\htmlunit\htmlunit-core-js\2.26\htmlunit-core-js-2.26.jar;C:\Users\91866\.m2\repository\net\sourceforge\htmlunit\neko-htmlunit\2.25\neko-htmlunit-2.25.jar;C:\Users\91866\.m2\repository\net\jcip\jcip-annotations\1.0\jcip-annotations-1.0.jar;C:\Users\91866\.m2\repository\org\seleniumhq\selenium\jetty-repacked\9.4.1.v20170120\jetty-repacked-9.4.1.v20170120.jar;C:\Users\91866\.m2\repository\org\eclipse\jetty\jetty-io\9.4.1.v20170120\jetty-io-9.4.1.v20170120.jar;C:\Users\91866\.m2\repository\org\eclipse\jetty\jetty-util\9.4.1.v20170120\jetty-util-9.4.1.v20170120.jar;C:\Users\91866\.m2\repository\junit\junit\4.12\junit-4.12.jar;C:\Users\91866\.m2\repository\com\codeborne\phantomjsdriver\1.4.0\phantomjsdriver-1.4.0.jar;C:\Users\91866\.m2\repository\org\seleniumhq\selenium\htmlunit-driver\2.26\htmlunit-driver-2.26.jar;C:\Users\91866\.m2\repository\javax\servlet\javax.servlet-api\3.1.0\javax.servlet-api-3.1.0.jar;C:\Users\91866\.m2\repository\org\eclipse\jetty\websocket\websocket-api\9.4.3.v20170317\websocket-api-9.4.3.v20170317.jar;C:\Users\91866\.m2\repository\org\eclipse\jetty\websocket\websocket-client\9.4.3.v20170317\websocket-client-9.4.3.v20170317.jar;C:\Users\91866\.m2\repository\org\eclipse\jetty\jetty-client\9.4.3.v20170317\jetty-client-9.4.3.v20170317.jar;C:\Users\91866\.m2\repository\org\eclipse\jetty\jetty-http\9.4.3.v20170317\jetty-http-9.4.3.v20170317.jar;C:\Users\91866\.m2\repository\org\eclipse\jetty\websocket\websocket-common\9.4.3.v20170317\websocket-common-9.4.3.v20170317.jar;C:\Users\91866\.m2\repository\xalan\serializer\2.7.2\serializer-2.7.2.jar;C:\Users\91866\.m2\repository\xalan\xalan\2.7.2\xalan-2.7.2.jar;C:\Users\91866\.m2\repository\xerces\xercesImpl\2.11.0\xercesImpl-2.11.0.jar;C:\Users\91866\.m2\repository\org\yaml\snakeyaml\1.15\snakeyaml-1.15.jar;C:\Users\91866\.m2\repository\io\selendroid\selendroid-standalone\0.16.0\selendroid-standalone-0.16.0.jar;C:\Users\91866\.m2\repository\io\selendroid\selendroid-common\0.16.0\selendroid-common-0.16.0.jar;C:\Users\91866\.m2\repository\io\selendroid\selendroid-server-common\0.16.0\selendroid-server-common-0.16.0.jar;C:\Users\91866\.m2\repository\io\netty\netty-all\4.0.21.Final\netty-all-4.0.21.Final.jar;C:\Users\91866\.m2\repository\com\android\tools\ddms\ddmlib\23.0.1\ddmlib-23.0.1.jar;C:\Users\91866\.m2\repository\net\sf\kxml\kxml2\2.3.0\kxml2-2.3.0.jar;C:\Users\91866\.m2\repository\com\android\tools\common\23.0.1\common-23.0.1.jar;C:\Users\91866\.m2\repository\org\apache\commons\commons-compress\1.5\commons-compress-1.5.jar;C:\Users\91866\.m2\repository\org\tukaani\xz\1.2\xz-1.2.jar;C:\Users\91866\.m2\repository\io\selendroid\selendroid-client\0.16.0\selendroid-client-0.16.0.jar;C:\Users\91866\.m2\repository\io\appium\java-client\3.2.0\java-client-3.2.0.jar;C:\Users\91866\.m2\repository\cglib\cglib\3.1\cglib-3.1.jar;C:\Users\91866\.m2\repository\org\ow2\asm\asm\4.2\asm-4.2.jar;C:\Users\91866\.m2\repository\commons-validator\commons-validator\1.4.1\commons-validator-1.4.1.jar;C:\Users\91866\.m2\repository\commons-digester\commons-digester\1.8.1\commons-digester-1.8.1.jar;C:\Users\91866\.m2\repository\com\opera\operadriver\1.5\operadriver-1.5.jar;C:\Users\91866\.m2\repository\com\opera\operalaunchers\1.1\operalaunchers-1.1.jar;C:\Users\91866\.m2\repository\com\google\protobuf\protobuf-java\2.4.1\protobuf-java-2.4.1.jar;C:\Users\91866\.m2\repository\commons-jxpath\commons-jxpath\1.3\commons-jxpath-1.3.jar;C:\Users\91866\.m2\repository\org\ini4j\ini4j\0.5.2\ini4j-0.5.2.jar;C:\Users\91866\.m2\repository\org\testng\testng\6.9.9\testng-6.9.9.jar;C:\Users\91866\.m2\repository\org\apache\ant\ant\1.7.0\ant-1.7.0.jar;C:\Users\91866\.m2\repository\org\apache\ant\ant-launcher\1.7.0\ant-launcher-1.7.0.jar;C:\Users\91866\.m2\repository\org\beanshell\bsh\2.0b4\bsh-2.0b4.jar;C:\Users\91866\.m2\repository\org\slf4j\slf4j-api\1.7.25\slf4j-api-1.7.25.jar;C:\Users\91866\.m2\repository\com\jayway\jsonpath\json-path\2.2.0\json-path-2.2.0.jar;C:\Users\91866\.m2\repository\net\minidev\json-smart\2.2.1\json-smart-2.2.1.jar;C:\Users\91866\.m2\repository\net\minidev\accessors-smart\1.1\accessors-smart-1.1.jar;C:\Users\91866\.m2\repository\org\json\json\20160212\json-20160212.jar;C:\Users\91866\.m2\repository\net\sf\json-lib\json-lib\2.4\json-lib-2.4-jdk15.jar;C:\Users\91866\.m2\repository\commons-beanutils\commons-beanutils\1.8.0\commons-beanutils-1.8.0.jar;C:\Users\91866\.m2\repository\commons-collections\commons-collections\3.2.1\commons-collections-3.2.1.jar;C:\Users\91866\.m2\repository\commons-lang\commons-lang\2.5\commons-lang-2.5.jar;C:\Users\91866\.m2\repository\net\sf\ezmorph\ezmorph\1.0.6\ezmorph-1.0.6.jar;C:\Users\91866\.m2\repository\com\jayway\restassured\rest-assured\2.6.0\rest-assured-2.6.0.jar;C:\Users\91866\.m2\repository\org\codehaus\groovy\groovy\2.4.4\groovy-2.4.4.jar;C:\Users\91866\.m2\repository\org\codehaus\groovy\groovy-xml\2.4.4\groovy-xml-2.4.4.jar;C:\Users\91866\.m2\repository\org\ccil\cowan\tagsoup\tagsoup\1.2.1\tagsoup-1.2.1.jar;C:\Users\91866\.m2\repository\com\jayway\restassured\json-path\2.6.0\json-path-2.6.0.jar;C:\Users\91866\.m2\repository\com\jayway\restassured\rest-assured-common\2.6.0\rest-assured-common-2.6.0.jar;C:\Users\91866\.m2\repository\com\jayway\restassured\xml-path\2.6.0\xml-path-2.6.0.jar;C:\Users\91866\.m2\repository\io\rest-assured\rest-assured\3.0.2\rest-assured-3.0.2.jar;C:\Users\91866\.m2\repository\io\rest-assured\xml-path\3.0.2\xml-path-3.0.2.jar;C:\Users\91866\.m2\repository\io\rest-assured\json-path\3.1.0\json-path-3.1.0.jar;C:\Users\91866\.m2\repository\org\codehaus\groovy\groovy-json\2.4.12\groovy-json-2.4.12.jar;C:\Users\91866\.m2\repository\io\rest-assured\rest-assured-common\3.1.0\rest-assured-common-3.1.0.jar;C:\Users\91866\.m2\repository\org\mockito\mockito-core\1.10.19\mockito-core-1.10.19.jar;C:\Users\91866\.m2\repository\org\objenesis\objenesis\2.1\objenesis-2.1.jar;C:\Users\91866\.m2\repository\com\google\collections\google-collections\1.0\google-collections-1.0.jar;C:\Users\91866\.m2\repository\com\jayway\awaitility\awaitility\1.7.0\awaitility-1.7.0.jar;C:\Users\91866\.m2\repository\com\github\detro\ghostdriver\phantomjsdriver\1.0.1\phantomjsdriver-1.0.1.jar;C:\Users\91866\.m2\repository\org\hamcrest\hamcrest-library\1.3\hamcrest-library-1.3.jar;C:\Users\91866\.m2\repository\com\jcraft\jsch\0.1.50\jsch-0.1.50.jar;C:\Users\91866\.m2\repository\com\paulhammant\ngwebdriver\1.1.4\ngwebdriver-1.1.4.jar;C:\Users\91866\.m2\repository\org\seleniumhq\selenium\selenium-java\4.7.2\selenium-java-4.7.2.jar;C:\Users\91866\.m2\repository\org\seleniumhq\selenium\selenium-devtools-v106\4.7.2\selenium-devtools-v106-4.7.2.jar;C:\Users\91866\.m2\repository\com\google\auto\service\auto-service-annotations\1.0.1\auto-service-annotations-1.0.1.jar;C:\Users\91866\.m2\repository\com\google\auto\service\auto-service\1.0.1\auto-service-1.0.1.jar;C:\Users\91866\.m2\repository\com\google\auto\auto-common\1.2\auto-common-1.2.jar;C:\Users\91866\.m2\repository\org\seleniumhq\selenium\selenium-json\4.7.2\selenium-json-4.7.2.jar;C:\Users\91866\.m2\repository\org\seleniumhq\selenium\selenium-devtools-v107\4.7.2\selenium-devtools-v107-4.7.2.jar;C:\Users\91866\.m2\repository\org\seleniumhq\selenium\selenium-devtools-v108\4.7.2\selenium-devtools-v108-4.7.2.jar;C:\Users\91866\.m2\repository\org\seleniumhq\selenium\selenium-devtools-v85\4.7.2\selenium-devtools-v85-4.7.2.jar;C:\Users\91866\.m2\repository\org\postgresql\postgresql\9.4.1208.jre7\postgresql-9.4.1208.jre7.jar;C:\Users\91866\.m2\repository\jug\jug\1.1\jug-1.1.jar;C:\Users\91866\.m2\repository\org\apache\maven\surefire\surefire-testng-utils\2.22.0\surefire-testng-utils-2.22.0.jar;C:\Users\91866\.m2\repository\org\apache\maven\surefire\surefire-grouper\2.22.0\surefire-grouper-2.22.0.jar;"/>
    <property name="java.vm.vendor" value="Oracle Corporation"/>
    <property name="sun.arch.data.model" value="64"/>
    <property name="user.variant" value=""/>
    <property name="java.vendor.url" value="https://openjdk.java.net/"/>
    <property name="user.timezone" value="Asia/Calcutta"/>
    <property name="java.vm.specification.version" value="11"/>
    <property name="os.name" value="Windows 11"/>
    <property name="sun.java.launcher" value="SUN_STANDARD"/>
    <property name="user.country" value="IN"/>
    <property name="sun.boot.library.path" value="C:\Program Files\Java\jdk-11.0.16.1\bin"/>
    <property name="sun.java.command" value="C:\Users\91866\AppData\Local\Temp\surefire17455747976990482608\surefirebooter9008665083452247147.jar C:\Users\91866\AppData\Local\Temp\surefire17455747976990482608 2022-12-15T00-23-13_714-jvmRun1 surefire9229290353496611081tmp surefire_02660535341615790918tmp"/>
    <property name="jdk.debug" value="release"/>
    <property name="surefire.test.class.path" value="S:\finalAllProjects\SelleniumScripts\target\test-classes;S:\finalAllProjects\SelleniumScripts\target\classes;C:\Users\91866\.m2\repository\net\sourceforge\javacsv\javacsv\2.0\javacsv-2.0.jar;C:\Users\91866\.m2\repository\xml-apis\xml-apis\1.4.01\xml-apis-1.4.01.jar;C:\Users\91866\.m2\repository\org\apache\poi\poi-ooxml\3.8-beta4\poi-ooxml-3.8-beta4.jar;C:\Users\91866\.m2\repository\org\apache\poi\poi\3.8-beta4\poi-3.8-beta4.jar;C:\Users\91866\.m2\repository\org\apache\poi\poi-ooxml-schemas\3.8-beta4\poi-ooxml-schemas-3.8-beta4.jar;C:\Users\91866\.m2\repository\org\apache\xmlbeans\xmlbeans\2.3.0\xmlbeans-2.3.0.jar;C:\Users\91866\.m2\repository\stax\stax-api\1.0.1\stax-api-1.0.1.jar;C:\Users\91866\.m2\repository\dom4j\dom4j\1.6.1\dom4j-1.6.1.jar;C:\Users\91866\.m2\repository\javax\xml\crypto\jsr105-api\1.0.1\jsr105-api-1.0.1.jar;C:\Users\91866\.m2\repository\org\apache\httpcomponents\httpclient\4.5.1\httpclient-4.5.1.jar;C:\Users\91866\.m2\repository\org\apache\httpcomponents\httpcore\4.4.3\httpcore-4.4.3.jar;C:\Users\91866\.m2\repository\commons-logging\commons-logging\1.2\commons-logging-1.2.jar;C:\Users\91866\.m2\repository\commons-codec\commons-codec\1.9\commons-codec-1.9.jar;C:\Users\91866\.m2\repository\com\aventstack\extentreports\3.0.5\extentreports-3.0.5.jar;C:\Users\91866\.m2\repository\org\freemarker\freemarker\2.3.23\freemarker-2.3.23.jar;C:\Users\91866\.m2\repository\org\mongodb\mongodb-driver\3.3.0\mongodb-driver-3.3.0.jar;C:\Users\91866\.m2\repository\org\mongodb\bson\3.3.0\bson-3.3.0.jar;C:\Users\91866\.m2\repository\org\mongodb\mongodb-driver-core\3.3.0\mongodb-driver-core-3.3.0.jar;C:\Users\91866\.m2\repository\org\apache\httpcomponents\httpmime\4.5.2\httpmime-4.5.2.jar;C:\Users\91866\.m2\repository\org\jsoup\jsoup\1.9.2\jsoup-1.9.2.jar;C:\Users\91866\.m2\repository\io\github\bonigarcia\webdrivermanager\1.6.2\webdrivermanager-1.6.2.jar;C:\Users\91866\.m2\repository\commons-io\commons-io\2.5\commons-io-2.5.jar;C:\Users\91866\.m2\repository\com\google\code\gson\gson\2.8.0\gson-2.8.0.jar;C:\Users\91866\.m2\repository\com\typesafe\config\1.2.1\config-1.2.1.jar;C:\Users\91866\.m2\repository\org\apache\commons\commons-lang3\3.5\commons-lang3-3.5.jar;C:\Users\91866\.m2\repository\org\rauschig\jarchivelib\0.7.1\jarchivelib-0.7.1.jar;C:\Users\91866\.m2\repository\com\google\guava\guava\21.0\guava-21.0.jar;C:\Users\91866\.m2\repository\org\hamcrest\hamcrest-all\1.3\hamcrest-all-1.3.jar;C:\Users\91866\.m2\repository\org\seleniumhq\selenium\selenium-chrome-driver\3.4.0\selenium-chrome-driver-3.4.0.jar;C:\Users\91866\.m2\repository\org\seleniumhq\selenium\selenium-api\3.4.0\selenium-api-3.4.0.jar;C:\Users\91866\.m2\repository\org\seleniumhq\selenium\selenium-remote-driver\3.4.0\selenium-remote-driver-3.4.0.jar;C:\Users\91866\.m2\repository\cglib\cglib-nodep\3.2.4\cglib-nodep-3.2.4.jar;C:\Users\91866\.m2\repository\org\apache\commons\commons-exec\1.3\commons-exec-1.3.jar;C:\Users\91866\.m2\repository\net\java\dev\jna\jna\4.1.0\jna-4.1.0.jar;C:\Users\91866\.m2\repository\net\java\dev\jna\jna-platform\4.1.0\jna-platform-4.1.0.jar;C:\Users\91866\.m2\repository\org\seleniumhq\selenium\selenium-server\3.4.0\selenium-server-3.4.0.jar;C:\Users\91866\.m2\repository\org\seleniumhq\selenium\selenium-edge-driver\3.4.0\selenium-edge-driver-3.4.0.jar;C:\Users\91866\.m2\repository\org\seleniumhq\selenium\selenium-firefox-driver\3.4.0\selenium-firefox-driver-3.4.0.jar;C:\Users\91866\.m2\repository\org\seleniumhq\selenium\selenium-ie-driver\3.4.0\selenium-ie-driver-3.4.0.jar;C:\Users\91866\.m2\repository\org\seleniumhq\selenium\selenium-opera-driver\3.4.0\selenium-opera-driver-3.4.0.jar;C:\Users\91866\.m2\repository\org\seleniumhq\selenium\selenium-safari-driver\3.4.0\selenium-safari-driver-3.4.0.jar;C:\Users\91866\.m2\repository\org\seleniumhq\selenium\selenium-support\3.4.0\selenium-support-3.4.0.jar;C:\Users\91866\.m2\repository\com\beust\jcommander\1.48\jcommander-1.48.jar;C:\Users\91866\.m2\repository\org\w3c\css\sac\1.3\sac-1.3.jar;C:\Users\91866\.m2\repository\net\sourceforge\cssparser\cssparser\0.9.22\cssparser-0.9.22.jar;C:\Users\91866\.m2\repository\org\hamcrest\hamcrest-core\1.3\hamcrest-core-1.3.jar;C:\Users\91866\.m2\repository\net\sourceforge\htmlunit\htmlunit\2.26\htmlunit-2.26.jar;C:\Users\91866\.m2\repository\net\sourceforge\htmlunit\htmlunit-core-js\2.26\htmlunit-core-js-2.26.jar;C:\Users\91866\.m2\repository\net\sourceforge\htmlunit\neko-htmlunit\2.25\neko-htmlunit-2.25.jar;C:\Users\91866\.m2\repository\net\jcip\jcip-annotations\1.0\jcip-annotations-1.0.jar;C:\Users\91866\.m2\repository\org\seleniumhq\selenium\jetty-repacked\9.4.1.v20170120\jetty-repacked-9.4.1.v20170120.jar;C:\Users\91866\.m2\repository\org\eclipse\jetty\jetty-io\9.4.1.v20170120\jetty-io-9.4.1.v20170120.jar;C:\Users\91866\.m2\repository\org\eclipse\jetty\jetty-util\9.4.1.v20170120\jetty-util-9.4.1.v20170120.jar;C:\Users\91866\.m2\repository\junit\junit\4.12\junit-4.12.jar;C:\Users\91866\.m2\repository\com\codeborne\phantomjsdriver\1.4.0\phantomjsdriver-1.4.0.jar;C:\Users\91866\.m2\repository\org\seleniumhq\selenium\htmlunit-driver\2.26\htmlunit-driver-2.26.jar;C:\Users\91866\.m2\repository\javax\servlet\javax.servlet-api\3.1.0\javax.servlet-api-3.1.0.jar;C:\Users\91866\.m2\repository\org\eclipse\jetty\websocket\websocket-api\9.4.3.v20170317\websocket-api-9.4.3.v20170317.jar;C:\Users\91866\.m2\repository\org\eclipse\jetty\websocket\websocket-client\9.4.3.v20170317\websocket-client-9.4.3.v20170317.jar;C:\Users\91866\.m2\repository\org\eclipse\jetty\jetty-client\9.4.3.v20170317\jetty-client-9.4.3.v20170317.jar;C:\Users\91866\.m2\repository\org\eclipse\jetty\jetty-http\9.4.3.v20170317\jetty-http-9.4.3.v20170317.jar;C:\Users\91866\.m2\repository\org\eclipse\jetty\websocket\websocket-common\9.4.3.v20170317\websocket-common-9.4.3.v20170317.jar;C:\Users\91866\.m2\repository\xalan\serializer\2.7.2\serializer-2.7.2.jar;C:\Users\91866\.m2\repository\xalan\xalan\2.7.2\xalan-2.7.2.jar;C:\Users\91866\.m2\repository\xerces\xercesImpl\2.11.0\xercesImpl-2.11.0.jar;C:\Users\91866\.m2\repository\org\yaml\snakeyaml\1.15\snakeyaml-1.15.jar;C:\Users\91866\.m2\repository\io\selendroid\selendroid-standalone\0.16.0\selendroid-standalone-0.16.0.jar;C:\Users\91866\.m2\repository\io\selendroid\selendroid-common\0.16.0\selendroid-common-0.16.0.jar;C:\Users\91866\.m2\repository\io\selendroid\selendroid-server-common\0.16.0\selendroid-server-common-0.16.0.jar;C:\Users\91866\.m2\repository\io\netty\netty-all\4.0.21.Final\netty-all-4.0.21.Final.jar;C:\Users\91866\.m2\repository\com\android\tools\ddms\ddmlib\23.0.1\ddmlib-23.0.1.jar;C:\Users\91866\.m2\repository\net\sf\kxml\kxml2\2.3.0\kxml2-2.3.0.jar;C:\Users\91866\.m2\repository\com\android\tools\common\23.0.1\common-23.0.1.jar;C:\Users\91866\.m2\repository\org\apache\commons\commons-compress\1.5\commons-compress-1.5.jar;C:\Users\91866\.m2\repository\org\tukaani\xz\1.2\xz-1.2.jar;C:\Users\91866\.m2\repository\io\selendroid\selendroid-client\0.16.0\selendroid-client-0.16.0.jar;C:\Users\91866\.m2\repository\io\appium\java-client\3.2.0\java-client-3.2.0.jar;C:\Users\91866\.m2\repository\cglib\cglib\3.1\cglib-3.1.jar;C:\Users\91866\.m2\repository\org\ow2\asm\asm\4.2\asm-4.2.jar;C:\Users\91866\.m2\repository\commons-validator\commons-validator\1.4.1\commons-validator-1.4.1.jar;C:\Users\91866\.m2\repository\commons-digester\commons-digester\1.8.1\commons-digester-1.8.1.jar;C:\Users\91866\.m2\repository\com\opera\operadriver\1.5\operadriver-1.5.jar;C:\Users\91866\.m2\repository\com\opera\operalaunchers\1.1\operalaunchers-1.1.jar;C:\Users\91866\.m2\repository\com\google\protobuf\protobuf-java\2.4.1\protobuf-java-2.4.1.jar;C:\Users\91866\.m2\repository\commons-jxpath\commons-jxpath\1.3\commons-jxpath-1.3.jar;C:\Users\91866\.m2\repository\org\ini4j\ini4j\0.5.2\ini4j-0.5.2.jar;C:\Users\91866\.m2\repository\org\testng\testng\6.9.9\testng-6.9.9.jar;C:\Users\91866\.m2\repository\org\apache\ant\ant\1.7.0\ant-1.7.0.jar;C:\Users\91866\.m2\repository\org\apache\ant\ant-launcher\1.7.0\ant-launcher-1.7.0.jar;C:\Users\91866\.m2\repository\org\beanshell\bsh\2.0b4\bsh-2.0b4.jar;C:\Users\91866\.m2\repository\org\slf4j\slf4j-api\1.7.25\slf4j-api-1.7.25.jar;C:\Users\91866\.m2\repository\com\jayway\jsonpath\json-path\2.2.0\json-path-2.2.0.jar;C:\Users\91866\.m2\repository\net\minidev\json-smart\2.2.1\json-smart-2.2.1.jar;C:\Users\91866\.m2\repository\net\minidev\accessors-smart\1.1\accessors-smart-1.1.jar;C:\Users\91866\.m2\repository\org\json\json\20160212\json-20160212.jar;C:\Users\91866\.m2\repository\net\sf\json-lib\json-lib\2.4\json-lib-2.4-jdk15.jar;C:\Users\91866\.m2\repository\commons-beanutils\commons-beanutils\1.8.0\commons-beanutils-1.8.0.jar;C:\Users\91866\.m2\repository\commons-collections\commons-collections\3.2.1\commons-collections-3.2.1.jar;C:\Users\91866\.m2\repository\commons-lang\commons-lang\2.5\commons-lang-2.5.jar;C:\Users\91866\.m2\repository\net\sf\ezmorph\ezmorph\1.0.6\ezmorph-1.0.6.jar;C:\Users\91866\.m2\repository\com\jayway\restassured\rest-assured\2.6.0\rest-assured-2.6.0.jar;C:\Users\91866\.m2\repository\org\codehaus\groovy\groovy\2.4.4\groovy-2.4.4.jar;C:\Users\91866\.m2\repository\org\codehaus\groovy\groovy-xml\2.4.4\groovy-xml-2.4.4.jar;C:\Users\91866\.m2\repository\org\ccil\cowan\tagsoup\tagsoup\1.2.1\tagsoup-1.2.1.jar;C:\Users\91866\.m2\repository\com\jayway\restassured\json-path\2.6.0\json-path-2.6.0.jar;C:\Users\91866\.m2\repository\com\jayway\restassured\rest-assured-common\2.6.0\rest-assured-common-2.6.0.jar;C:\Users\91866\.m2\repository\com\jayway\restassured\xml-path\2.6.0\xml-path-2.6.0.jar;C:\Users\91866\.m2\repository\io\rest-assured\rest-assured\3.0.2\rest-assured-3.0.2.jar;C:\Users\91866\.m2\repository\io\rest-assured\xml-path\3.0.2\xml-path-3.0.2.jar;C:\Users\91866\.m2\repository\io\rest-assured\json-path\3.1.0\json-path-3.1.0.jar;C:\Users\91866\.m2\repository\org\codehaus\groovy\groovy-json\2.4.12\groovy-json-2.4.12.jar;C:\Users\91866\.m2\repository\io\rest-assured\rest-assured-common\3.1.0\rest-assured-common-3.1.0.jar;C:\Users\91866\.m2\repository\org\mockito\mockito-core\1.10.19\mockito-core-1.10.19.jar;C:\Users\91866\.m2\repository\org\objenesis\objenesis\2.1\objenesis-2.1.jar;C:\Users\91866\.m2\repository\com\google\collections\google-collections\1.0\google-collections-1.0.jar;C:\Users\91866\.m2\repository\com\jayway\awaitility\awaitility\1.7.0\awaitility-1.7.0.jar;C:\Users\91866\.m2\repository\com\github\detro\ghostdriver\phantomjsdriver\1.0.1\phantomjsdriver-1.0.1.jar;C:\Users\91866\.m2\repository\org\hamcrest\hamcrest-library\1.3\hamcrest-library-1.3.jar;C:\Users\91866\.m2\repository\com\jcraft\jsch\0.1.50\jsch-0.1.50.jar;C:\Users\91866\.m2\repository\com\paulhammant\ngwebdriver\1.1.4\ngwebdriver-1.1.4.jar;C:\Users\91866\.m2\repository\org\seleniumhq\selenium\selenium-java\4.7.2\selenium-java-4.7.2.jar;C:\Users\91866\.m2\repository\org\seleniumhq\selenium\selenium-devtools-v106\4.7.2\selenium-devtools-v106-4.7.2.jar;C:\Users\91866\.m2\repository\com\google\auto\service\auto-service-annotations\1.0.1\auto-service-annotations-1.0.1.jar;C:\Users\91866\.m2\repository\com\google\auto\service\auto-service\1.0.1\auto-service-1.0.1.jar;C:\Users\91866\.m2\repository\com\google\auto\auto-common\1.2\auto-common-1.2.jar;C:\Users\91866\.m2\repository\org\seleniumhq\selenium\selenium-json\4.7.2\selenium-json-4.7.2.jar;C:\Users\91866\.m2\repository\org\seleniumhq\selenium\selenium-devtools-v107\4.7.2\selenium-devtools-v107-4.7.2.jar;C:\Users\91866\.m2\repository\org\seleniumhq\selenium\selenium-devtools-v108\4.7.2\selenium-devtools-v108-4.7.2.jar;C:\Users\91866\.m2\repository\org\seleniumhq\selenium\selenium-devtools-v85\4.7.2\selenium-devtools-v85-4.7.2.jar;C:\Users\91866\.m2\repository\org\postgresql\postgresql\9.4.1208.jre7\postgresql-9.4.1208.jre7.jar;C:\Users\91866\.m2\repository\jug\jug\1.1\jug-1.1.jar;C:\Users\91866\.m2\repository\org\apache\maven\surefire\surefire-testng-utils\2.22.0\surefire-testng-utils-2.22.0.jar;C:\Users\91866\.m2\repository\org\apache\maven\surefire\surefire-grouper\2.22.0\surefire-grouper-2.22.0.jar;"/>
    <property name="sun.cpu.endian" value="little"/>
    <property name="user.home" value="C:\Users\91866"/>
    <property name="user.language" value="en"/>
    <property name="java.specification.vendor" value="Oracle Corporation"/>
    <property name="java.version.date" value="2022-08-18"/>
    <property name="java.home" value="C:\Program Files\Java\jdk-11.0.16.1"/>
    <property name="file.separator" value="\"/>
    <property name="basedir" value="S:\finalAllProjects\SelleniumScripts"/>
    <property name="java.vm.compressedOopsMode" value="32-bit"/>
    <property name="line.separator" value="&#10;"/>
    <property name="java.specification.name" value="Java Platform API Specification"/>
    <property name="java.vm.specification.vendor" value="Oracle Corporation"/>
    <property name="java.awt.graphicsenv" value="sun.awt.Win32GraphicsEnvironment"/>
    <property name="surefire.real.class.path" value="C:\Users\91866\AppData\Local\Temp\surefire17455747976990482608\surefirebooter9008665083452247147.jar"/>
    <property name="user.script" value=""/>
    <property name="sun.management.compiler" value="HotSpot 64-Bit Tiered Compilers"/>
    <property name="java.runtime.version" value="11.0.16.1+1-LTS-1"/>
    <property name="user.name" value="91866"/>
    <property name="path.separator" value=";"/>
    <property name="os.version" value="10.0"/>
    <property name="java.runtime.name" value="Java(TM) SE Runtime Environment"/>
    <property name="file.encoding" value="Cp1252"/>
    <property name="java.vm.name" value="Java HotSpot(TM) 64-Bit Server VM"/>
    <property name="java.vendor.version" value="18.9"/>
    <property name="localRepository" value="C:\Users\91866\.m2\repository"/>
    <property name="java.vendor.url.bug" value="https://bugreport.java.com/bugreport/"/>
    <property name="java.io.tmpdir" value="C:\Users\91866\AppData\Local\Temp\"/>
    <property name="java.version" value="11.0.16.1"/>
    <property name="user.dir" value="S:\finalAllProjects\SelleniumScripts"/>
    <property name="os.arch" value="amd64"/>
    <property name="java.vm.specification.name" value="Java Virtual Machine Specification"/>
    <property name="java.awt.printerjob" value="sun.awt.windows.WPrinterJob"/>
    <property name="sun.os.patch.level" value=""/>
    <property name="java.library.path" value="C:\Program Files\Java\jdk-11.0.16.1\bin;C:\WINDOWS\Sun\Java\bin;C:\WINDOWS\system32;C:\WINDOWS;C:\Users\91866\Downloads\maven\apache-maven-3.6.3/bin;C:\Program Files\Java\jdk-11.0.16.1/bin;C:\Program Files\Java\jdk-11.0.16.1/bin;C:\Program Files\Common Files\Oracle\Java\javapath;C:\Python310\Scripts\;C:\Python310\;C:\WINDOWS\system32;C:\WINDOWS;C:\WINDOWS\System32\Wbem;C:\WINDOWS\System32\WindowsPowerShell\v1.0\;C:\WINDOWS\System32\OpenSSH\;C:\Users\91866\AppData\Local\Android\Sdk\tools\bin;C:\Users\91866\AppData\Local\Android\Sdk\tools;C:\Users\91866\AppData\Local\Android\Sdk\platform-tools;C:\Users\91866\AppData\Local\Android\Sdk\tools\bin\uiautomatorviewer.bat;C:\Program Files\Android\Android Studio\jre\bin;C:\Users\91866\Downloads\maven\apache-maven-3.6.3\bin;C:\ProgramData\chocolatey\bin;C:\strawberry\c\bin;C:\strawberry\perl\bin;C:\Program Files\nodejs\;C:\Program Files\nodejs\node_modules\npm\bin;C:\Program Files\Git\cmd;C:\Program Files\Java\jdk-11.0.16.1\bin;C:\Program Files\MySQL\MySQL Shell 8.0\bin\;C:\Users\91866\AppData\Local\Programs\Python\Python38-32\Scripts\;C:\Users\91866\AppData\Local\Programs\Python\Python38-32\;C:\Users\91866\AppData\Local\Microsoft\WindowsApps;C:\Program Files\JetBrains\IntelliJ IDEA Community Edition 2019.1.3\bin;;S:\flutter_Development\flutter\bin;C:\Users\91866\AppData\Local\Programs\Microsoft VS Code\bin;C:\Users\91866\AppData\Local\Programs\Python\Python38-32\Scripts;C:\Users\91866\AppData\Roaming\npm;C:\Users\91866\AppData\Local\Programs\Fiddler;."/>
    <property name="java.vendor" value="Oracle Corporation"/>
    <property name="java.vm.info" value="mixed mode"/>
    <property name="java.vm.version" value="11.0.16.1+1-LTS-1"/>
    <property name="sun.io.unicode.encoding" value="UnicodeLittle"/>
    <property name="java.class.version" value="55.0"/>
  </properties>
  <testcase name="AllRightReservedTest" classname="tests.MECM.LOG_IN.AllRightReservedTest" time="8.074"/>
  <testcase name="logOutTest" classname="tests.MECM.LOG_IN.logOutTest" time="19.966">
    <failure message="Not Equal" type="java.lang.AssertionError">java.lang.AssertionError: Not Equal
	at tests.MECM.LOG_IN.logOutTest.logOutTest(logOutTest.java:35)
</failure>
    <system-out><![CDATA[https://stg-nemo.mahindraelectric.com/mcms/dashboard
https://stg-nemo.mahindraelectric.com/authentication/login
]]></system-out>
    <system-err><![CDATA[Starting ChromeDriver 2.37.544315 (730aa6a5fdba159ac9f4c1e8cbc59bf1b5ce12b7) on port 43808
Only local connections are allowed.
Dec 15, 2022 12:23:33 AM org.openqa.selenium.remote.ProtocolHandshake createSession
INFO: Detected dialect: OSS
]]></system-err>
  </testcase>
</testsuite>