<?xml version="1.0" encoding="UTF-8"?>
<!-- Generated by org.testng.reporters.JUnitReportReporter -->
<testsuite hostname="LAPTOP-3LR0D9HL" failures="0" tests="1" name="tests.MECM.LOG_IN.AllRightReservedTest" time="8.183" errors="0" timestamp="14 Dec 2022 18:53:59 GMT">
  <testcase classname="tests.MECM.LOG_IN.AllRightReservedTest" name="AllRightReservedTest" time="8.183"/>
</testsuite> <!-- tests.MECM.LOG_IN.AllRightReservedTest -->
